<?xml version="1.0" encoding="UTF-8"?>
<!-- Generated by org.testng.reporters.JUnitReportReporter -->
<testsuite hostname="DESKTOP-1NP4R5L" failures="0" tests="1" name="testCases.TC001_AccountRegistrationTest" time="12.384" errors="0" timestamp="2025-01-30T15:53:13 IST" skipped="0">
  <testcase classname="testCases.TC001_AccountRegistrationTest" name="verify_account_registration" time="12.384"/>
</testsuite> <!-- testCases.TC001_AccountRegistrationTest -->
