<?xml version="1.0" encoding="UTF-8"?>
<!-- Generated by org.testng.reporters.JUnitReportReporter -->
<testsuite hostname="DESKTOP-1NP4R5L" failures="0" tests="1" name="testCases.TC002_LoginTest" time="3.461" errors="0" timestamp="2025-01-30T13:02:44 IST" skipped="0">
  <testcase classname="testCases.TC002_LoginTest" name="verify_login" time="3.461"/>
</testsuite> <!-- testCases.TC002_LoginTest -->
